Arguments: 
  /opt/homebrew/Cellar/node/18.10.0/bin/node /opt/homebrew/Cellar/yarn/1.22.19/libexec/bin/yarn.js add --dev @tailwindscss/typography

PATH: 
  /Users/brenden/bin:/opt/homebrew/bin:/usr/local/bin:/usr/bin:/bin:/usr/sbin:/sbin:/Library/TeX/texbin:/usr/local/go/bin:/usr/local/MacGPG2/bin:/opt/X11/bin:/Library/Apple/usr/bin:/Users/brenden/bin:/opt/homebrew/bin:/Users/brenden/.cargo/bin

Yarn version: 
  1.22.19

Node version: 
  18.10.0

Platform: 
  darwin arm64

Trace: 
  Error: https://registry.yarnpkg.com/@tailwindscss%2ftypography: Not found
      at params.callback [as _callback] (/opt/homebrew/Cellar/yarn/1.22.19/libexec/lib/cli.js:66145:18)
      at self.callback (/opt/homebrew/Cellar/yarn/1.22.19/libexec/lib/cli.js:140890:22)
      at Request.emit (node:events:513:28)
      at Request.<anonymous> (/opt/homebrew/Cellar/yarn/1.22.19/libexec/lib/cli.js:141862:10)
      at Request.emit (node:events:513:28)
      at IncomingMessage.<anonymous> (/opt/homebrew/Cellar/yarn/1.22.19/libexec/lib/cli.js:141784:12)
      at Object.onceWrapper (node:events:627:28)
      at IncomingMessage.emit (node:events:525:35)
      at endReadableNT (node:internal/streams/readable:1359:12)
      at process.processTicksAndRejections (node:internal/process/task_queues:82:21)

npm manifest: 
  {
    "devDependencies": {
      "tailwindcss": "^3.1.8"
    },
    "scripts": {
      "build": "npx tailwindcss -o ./assets/css/custom.css"
    }
  }

yarn manifest: 
  No manifest

Lockfile: 
  No lockfile
